
2020-10-11 20:11:02-|-ALERT-|-Access Denied-|-Context-|-Access-{close}-|-Ctrl-{App\Controllers\Home}-|-Method-{index}-|-ip-{127.0.0.1}-|-user-{}-|-
2020-10-11 20:17:30-|-ALERT-|-Access Denied-|-Context-|-Access-{close}-|-Ctrl-{App\Controllers\Home}-|-Method-{index}-|-ip-{127.0.0.1}-|-User agent-{Mozilla/5.0 (X11; Linux x86_64) AppleWebKit/537.36 (KHTML, like Gecko) Chrome/86.0.4240.75 Safari/537.36}-|-
2020-10-11 20:18:13-|-INFO-|-Route not found-|-Context-|-Request-{/ho}-|-Request Method-{GET}-|-
2020-10-11 20:18:15-|-INFO-|-Route not found-|-Context-|-Request-{/ho}-|-Request Method-{GET}-|-
2020-10-11 20:18:15-|-INFO-|-Route not found-|-Context-|-Request-{/ho}-|-Request Method-{GET}-|-
2020-10-11 20:18:16-|-INFO-|-Route not found-|-Context-|-Request-{/ho}-|-Request Method-{GET}-|-
2020-10-11 20:18:16-|-INFO-|-Route not found-|-Context-|-Request-{/ho}-|-Request Method-{GET}-|-
2020-10-11 20:18:16-|-INFO-|-Route not found-|-Context-|-Request-{/ho}-|-Request Method-{GET}-|-
2020-10-15 01:09:47-|-INFO-|-Route not found-|-Context-|-Request-{/ho}-|-Request Method-{GET}-|-
2020-10-15 01:09:52-|-INFO-|-Route not found-|-Context-|-Request-{/ho}-|-Request Method-{GET}-|-
2020-10-15 01:12:23-|-INFO-|-Route not found-|-Context-|-Request-{/ho}-|-Request Method-{GET}-|-
2020-10-15 01:13:06-|-INFO-|-Route not found-|-Context-|-Request-{/homefghfgh}-|-Request Method-{GET}-|-
2020-10-15 12:37:05-|-INFO-|-Route not found-|-Context-|-Request-{/public}-|-Request Method-{GET}-|-
2020-10-15 12:40:28-|-INFO-|-Route not found-|-Context-|-Request-{/css/bootstrap.min.css}-|-Request Method-{GET}-|-
2020-10-15 12:40:28-|-INFO-|-Route not found-|-Context-|-Request-{/js/bootstrap.min.js}-|-Request Method-{GET}-|-
2020-10-15 12:40:28-|-INFO-|-Route not found-|-Context-|-Request-{/js/bootstrap.min.js}-|-Request Method-{GET}-|-
2020-10-15 12:40:33-|-INFO-|-Route not found-|-Context-|-Request-{/css/bootstrap.min.css}-|-Request Method-{GET}-|-
2020-10-15 12:40:33-|-INFO-|-Route not found-|-Context-|-Request-{/js/bootstrap.min.js}-|-Request Method-{GET}-|-
2020-10-15 12:40:33-|-INFO-|-Route not found-|-Context-|-Request-{/js/bootstrap.min.js}-|-Request Method-{GET}-|-
2020-10-15 12:40:40-|-INFO-|-Route not found-|-Context-|-Request-{/css/bootstrap.min.css}-|-Request Method-{GET}-|-
2020-10-15 12:40:40-|-INFO-|-Route not found-|-Context-|-Request-{/js/bootstrap.min.js}-|-Request Method-{GET}-|-
2020-10-15 12:41:45-|-INFO-|-Route not found-|-Context-|-Request-{/css/bootstrap.min.css}-|-Request Method-{GET}-|-
2020-10-15 12:41:45-|-INFO-|-Route not found-|-Context-|-Request-{/js/bootstrap.min.js}-|-Request Method-{GET}-|-
2020-10-15 12:41:45-|-INFO-|-Route not found-|-Context-|-Request-{/js/bootstrap.min.js}-|-Request Method-{GET}-|-
2020-10-15 12:41:56-|-INFO-|-Route not found-|-Context-|-Request-{/css/bootstrap.min.css}-|-Request Method-{GET}-|-
2020-10-15 12:41:56-|-INFO-|-Route not found-|-Context-|-Request-{/js/bootstrap.min.js}-|-Request Method-{GET}-|-
2020-10-15 12:41:56-|-INFO-|-Route not found-|-Context-|-Request-{/js/bootstrap.min.js}-|-Request Method-{GET}-|-
2020-10-15 12:42:22-|-INFO-|-Route not found-|-Context-|-Request-{/css/bootstrap.min.css}-|-Request Method-{GET}-|-
2020-10-15 12:42:22-|-INFO-|-Route not found-|-Context-|-Request-{/js/bootstrap.min.js}-|-Request Method-{GET}-|-
2020-10-15 12:42:22-|-INFO-|-Route not found-|-Context-|-Request-{/js/bootstrap.min.js}-|-Request Method-{GET}-|-
2020-10-15 12:42:23-|-INFO-|-Route not found-|-Context-|-Request-{/css/bootstrap.min.css}-|-Request Method-{GET}-|-
2020-10-15 12:42:23-|-INFO-|-Route not found-|-Context-|-Request-{/js/bootstrap.min.js}-|-Request Method-{GET}-|-
2020-10-15 12:42:23-|-INFO-|-Route not found-|-Context-|-Request-{/js/bootstrap.min.js}-|-Request Method-{GET}-|-
2020-10-15 12:42:23-|-INFO-|-Route not found-|-Context-|-Request-{/css/bootstrap.min.css}-|-Request Method-{GET}-|-
2020-10-15 12:42:23-|-INFO-|-Route not found-|-Context-|-Request-{/js/bootstrap.min.js}-|-Request Method-{GET}-|-
2020-10-15 12:42:23-|-INFO-|-Route not found-|-Context-|-Request-{/css/bootstrap.min.css}-|-Request Method-{GET}-|-
2020-10-15 12:42:23-|-INFO-|-Route not found-|-Context-|-Request-{/js/bootstrap.min.js}-|-Request Method-{GET}-|-
2020-10-15 12:42:23-|-INFO-|-Route not found-|-Context-|-Request-{/js/bootstrap.min.js}-|-Request Method-{GET}-|-
2020-10-15 12:45:34-|-INFO-|-Route not found-|-Context-|-Request-{////}-|-Request Method-{GET}-|-
2020-10-15 12:45:41-|-INFO-|-Route not found-|-Context-|-Request-{/css/bootstrap.min.css}-|-Request Method-{GET}-|-
2020-10-15 12:45:41-|-INFO-|-Route not found-|-Context-|-Request-{/js/bootstrap.min.js}-|-Request Method-{GET}-|-
2020-10-15 12:45:41-|-INFO-|-Route not found-|-Context-|-Request-{/js/bootstrap.min.js}-|-Request Method-{GET}-|-
2020-10-15 12:45:46-|-INFO-|-Route not found-|-Context-|-Request-{/css/bootstrap.min.css}-|-Request Method-{GET}-|-
2020-10-15 12:45:46-|-INFO-|-Route not found-|-Context-|-Request-{/js/bootstrap.min.js}-|-Request Method-{GET}-|-
2020-10-15 12:45:47-|-INFO-|-Route not found-|-Context-|-Request-{/js/bootstrap.min.js}-|-Request Method-{GET}-|-
2020-10-15 12:45:53-|-INFO-|-Route not found-|-Context-|-Request-{/css/bootstrap.min.css}-|-Request Method-{GET}-|-
2020-10-15 12:45:53-|-INFO-|-Route not found-|-Context-|-Request-{/js/bootstrap.min.js}-|-Request Method-{GET}-|-
2020-10-15 12:45:53-|-INFO-|-Route not found-|-Context-|-Request-{/js/bootstrap.min.js}-|-Request Method-{GET}-|-
2020-10-15 12:46:48-|-INFO-|-Route not found-|-Context-|-Request-{/homedfgdfg/dfgg}-|-Request Method-{GET}-|-
2020-10-15 12:47:16-|-INFO-|-Route not found-|-Context-|-Request-{/homedfgdfg/dfgg}-|-Request Method-{GET}-|-
2020-10-15 12:47:16-|-INFO-|-Route not found-|-Context-|-Request-{/homedfgdfg/public/css/404.css}-|-Request Method-{GET}-|-
2020-10-15 12:47:16-|-INFO-|-Route not found-|-Context-|-Request-{/homedfgdfg/public/css/404.css}-|-Request Method-{GET}-|-
2020-10-15 12:47:20-|-INFO-|-Route not found-|-Context-|-Request-{/homedfgdfg/home}-|-Request Method-{GET}-|-
2020-10-15 12:47:20-|-INFO-|-Route not found-|-Context-|-Request-{/homedfgdfg/public/css/404.css}-|-Request Method-{GET}-|-
2020-10-15 12:47:38-|-INFO-|-Route not found-|-Context-|-Request-{/homedfgdfg/home}-|-Request Method-{GET}-|-
2020-10-15 12:47:38-|-INFO-|-Route not found-|-Context-|-Request-{/homedfgdfg/public/css/404.css}-|-Request Method-{GET}-|-
2020-10-15 12:47:41-|-INFO-|-Route not found-|-Context-|-Request-{/public/css/bootstrap.min.css}-|-Request Method-{GET}-|-
2020-10-15 12:47:41-|-INFO-|-Route not found-|-Context-|-Request-{/public/js/bootstrap.min.js}-|-Request Method-{GET}-|-
2020-10-15 12:47:41-|-INFO-|-Route not found-|-Context-|-Request-{/public/js/bootstrap.min.js}-|-Request Method-{GET}-|-
2020-10-15 12:47:44-|-INFO-|-Route not found-|-Context-|-Request-{/register}-|-Request Method-{GET}-|-
2020-10-15 12:47:44-|-INFO-|-Route not found-|-Context-|-Request-{/public/css/404.css}-|-Request Method-{GET}-|-
2020-10-15 12:47:44-|-INFO-|-Route not found-|-Context-|-Request-{/public/css/404.css}-|-Request Method-{GET}-|-
2020-10-15 12:47:45-|-INFO-|-Route not found-|-Context-|-Request-{/public/css/bootstrap.min.css}-|-Request Method-{GET}-|-
2020-10-15 12:47:45-|-INFO-|-Route not found-|-Context-|-Request-{/public/js/bootstrap.min.js}-|-Request Method-{GET}-|-
2020-10-15 12:47:46-|-INFO-|-Route not found-|-Context-|-Request-{/login}-|-Request Method-{GET}-|-
2020-10-15 12:47:46-|-INFO-|-Route not found-|-Context-|-Request-{/public/css/404.css}-|-Request Method-{GET}-|-
2020-10-15 12:47:46-|-INFO-|-Route not found-|-Context-|-Request-{/public/css/404.css}-|-Request Method-{GET}-|-
2020-10-15 12:47:49-|-INFO-|-Route not found-|-Context-|-Request-{/public/css/bootstrap.min.css}-|-Request Method-{GET}-|-
2020-10-15 12:47:49-|-INFO-|-Route not found-|-Context-|-Request-{/public/js/bootstrap.min.js}-|-Request Method-{GET}-|-
2020-10-15 12:47:49-|-INFO-|-Route not found-|-Context-|-Request-{/public/js/bootstrap.min.js}-|-Request Method-{GET}-|-
2020-10-15 12:47:53-|-INFO-|-Route not found-|-Context-|-Request-{/home}-|-Request Method-{GET}-|-
2020-10-15 12:47:53-|-INFO-|-Route not found-|-Context-|-Request-{/public/css/404.css}-|-Request Method-{GET}-|-
2020-10-15 12:47:53-|-INFO-|-Route not found-|-Context-|-Request-{/public/css/404.css}-|-Request Method-{GET}-|-
2020-10-15 12:48:23-|-INFO-|-Route not found-|-Context-|-Request-{/home}-|-Request Method-{GET}-|-
2020-10-15 12:48:23-|-INFO-|-Route not found-|-Context-|-Request-{/public/css/404.css}-|-Request Method-{GET}-|-
2020-10-15 12:48:24-|-INFO-|-Route not found-|-Context-|-Request-{/public/css/404.css}-|-Request Method-{GET}-|-
2020-10-15 12:48:25-|-INFO-|-Route not found-|-Context-|-Request-{/home}-|-Request Method-{GET}-|-
2020-10-15 12:48:25-|-INFO-|-Route not found-|-Context-|-Request-{/public/css/404.css}-|-Request Method-{GET}-|-
2020-10-15 12:48:25-|-INFO-|-Route not found-|-Context-|-Request-{/home}-|-Request Method-{GET}-|-
2020-10-15 12:48:25-|-INFO-|-Route not found-|-Context-|-Request-{/public/css/404.css}-|-Request Method-{GET}-|-
2020-10-15 12:48:25-|-INFO-|-Route not found-|-Context-|-Request-{/home}-|-Request Method-{GET}-|-
2020-10-15 12:48:25-|-INFO-|-Route not found-|-Context-|-Request-{/public/css/404.css}-|-Request Method-{GET}-|-
2020-10-15 12:48:47-|-INFO-|-Route not found-|-Context-|-Request-{/home}-|-Request Method-{GET}-|-
2020-10-15 12:48:47-|-INFO-|-Route not found-|-Context-|-Request-{/public/css/404.css}-|-Request Method-{GET}-|-
2020-10-15 12:48:50-|-INFO-|-Route not found-|-Context-|-Request-{/public/css/bootstrap.min.css}-|-Request Method-{GET}-|-
2020-10-15 12:48:50-|-INFO-|-Route not found-|-Context-|-Request-{/public/js/bootstrap.min.js}-|-Request Method-{GET}-|-
2020-10-15 12:48:50-|-INFO-|-Route not found-|-Context-|-Request-{/public/js/bootstrap.min.js}-|-Request Method-{GET}-|-
2020-10-15 12:48:54-|-INFO-|-Route not found-|-Context-|-Request-{/home}-|-Request Method-{GET}-|-
2020-10-15 12:48:54-|-INFO-|-Route not found-|-Context-|-Request-{/public/css/404.css}-|-Request Method-{GET}-|-
2020-10-15 12:48:54-|-INFO-|-Route not found-|-Context-|-Request-{/public/css/404.css}-|-Request Method-{GET}-|-
2020-10-15 12:50:14-|-INFO-|-Route not found-|-Context-|-Request-{/home}-|-Request Method-{GET}-|-
2020-10-15 12:50:14-|-INFO-|-Route not found-|-Context-|-Request-{/public/css/404.css}-|-Request Method-{GET}-|-
2020-10-15 12:52:51-|-INFO-|-Route not found-|-Context-|-Request-{/home}-|-Request Method-{GET}-|-
2020-10-15 12:52:51-|-INFO-|-Route not found-|-Context-|-Request-{/public/css/404.css}-|-Request Method-{GET}-|-
2020-10-15 12:53:12-|-INFO-|-Route not found-|-Context-|-Request-{/public/css/bootstrap.min.css}-|-Request Method-{GET}-|-
2020-10-15 12:53:12-|-INFO-|-Route not found-|-Context-|-Request-{/public/js/bootstrap.min.js}-|-Request Method-{GET}-|-
2020-10-15 12:53:12-|-INFO-|-Route not found-|-Context-|-Request-{/public/js/bootstrap.min.js}-|-Request Method-{GET}-|-
2020-10-15 12:53:15-|-INFO-|-Route not found-|-Context-|-Request-{/hom}-|-Request Method-{GET}-|-
2020-10-15 12:53:16-|-INFO-|-Route not found-|-Context-|-Request-{/public/css/404.css}-|-Request Method-{GET}-|-
2020-10-15 12:53:16-|-INFO-|-Route not found-|-Context-|-Request-{/public/css/404.css}-|-Request Method-{GET}-|-
2020-10-15 12:53:44-|-INFO-|-Route not found-|-Context-|-Request-{/hom}-|-Request Method-{GET}-|-
2020-10-15 12:53:44-|-INFO-|-Route not found-|-Context-|-Request-{/public/css/404.css}-|-Request Method-{GET}-|-
2020-10-15 12:53:50-|-INFO-|-Route not found-|-Context-|-Request-{/home//}-|-Request Method-{GET}-|-
2020-10-15 12:53:51-|-INFO-|-Route not found-|-Context-|-Request-{/home///public/css/404.css}-|-Request Method-{GET}-|-
2020-10-15 12:54:09-|-INFO-|-Route not found-|-Context-|-Request-{//}-|-Request Method-{GET}-|-
2020-10-15 12:54:09-|-INFO-|-Route not found-|-Context-|-Request-{///public/css/404.css}-|-Request Method-{GET}-|-
2020-10-15 12:54:10-|-INFO-|-Route not found-|-Context-|-Request-{//}-|-Request Method-{GET}-|-
2020-10-15 12:54:10-|-INFO-|-Route not found-|-Context-|-Request-{///public/css/404.css}-|-Request Method-{GET}-|-
2020-10-15 12:54:10-|-INFO-|-Route not found-|-Context-|-Request-{//}-|-Request Method-{GET}-|-
2020-10-15 12:54:10-|-INFO-|-Route not found-|-Context-|-Request-{///public/css/404.css}-|-Request Method-{GET}-|-
2020-10-15 12:54:10-|-INFO-|-Route not found-|-Context-|-Request-{//}-|-Request Method-{GET}-|-
2020-10-15 12:54:11-|-INFO-|-Route not found-|-Context-|-Request-{///public/css/404.css}-|-Request Method-{GET}-|-
2020-10-15 12:54:18-|-INFO-|-Route not found-|-Context-|-Request-{/home//}-|-Request Method-{GET}-|-
2020-10-15 12:54:18-|-INFO-|-Route not found-|-Context-|-Request-{/home///public/css/404.css}-|-Request Method-{GET}-|-
2020-10-15 12:54:43-|-INFO-|-Route not found-|-Context-|-Request-{/public/css/bootstrap.min.css}-|-Request Method-{GET}-|-
2020-10-15 12:54:43-|-INFO-|-Route not found-|-Context-|-Request-{/public/js/bootstrap.min.js}-|-Request Method-{GET}-|-
2020-10-15 12:54:43-|-INFO-|-Route not found-|-Context-|-Request-{/public/js/bootstrap.min.js}-|-Request Method-{GET}-|-
2020-10-15 12:55:36-|-INFO-|-Route not found-|-Context-|-Request-{/public/css/bootstrap.min.css}-|-Request Method-{GET}-|-
2020-10-15 12:55:36-|-INFO-|-Route not found-|-Context-|-Request-{/public/js/bootstrap.min.js}-|-Request Method-{GET}-|-
2020-10-15 12:55:39-|-INFO-|-Route not found-|-Context-|-Request-{/hom}-|-Request Method-{GET}-|-
2020-10-15 12:55:45-|-INFO-|-Route not found-|-Context-|-Request-{/public/css/bootstrap.min.css}-|-Request Method-{GET}-|-
2020-10-15 12:55:45-|-INFO-|-Route not found-|-Context-|-Request-{/public/js/bootstrap.min.js}-|-Request Method-{GET}-|-
2020-10-15 12:55:46-|-INFO-|-Route not found-|-Context-|-Request-{/public/js/bootstrap.min.js}-|-Request Method-{GET}-|-
2020-10-15 12:57:08-|-INFO-|-Route not found-|-Context-|-Request-{/public/css/bootstrap.min.css}-|-Request Method-{GET}-|-
2020-10-15 12:57:08-|-INFO-|-Route not found-|-Context-|-Request-{/public/js/bootstrap.min.js}-|-Request Method-{GET}-|-
2020-10-15 12:57:08-|-INFO-|-Route not found-|-Context-|-Request-{/public/js/bootstrap.min.js}-|-Request Method-{GET}-|-
2020-10-15 12:57:12-|-INFO-|-Route not found-|-Context-|-Request-{/fgd}-|-Request Method-{GET}-|-
2020-10-15 13:00:23-|-INFO-|-Route not found-|-Context-|-Request-{/public/css/bootstrap.min.css}-|-Request Method-{GET}-|-
2020-10-15 13:00:23-|-INFO-|-Route not found-|-Context-|-Request-{/public/js/bootstrap.min.js}-|-Request Method-{GET}-|-
2020-10-15 13:00:23-|-INFO-|-Route not found-|-Context-|-Request-{/public/js/bootstrap.min.js}-|-Request Method-{GET}-|-
2020-10-15 13:00:27-|-INFO-|-Route not found-|-Context-|-Request-{/register}-|-Request Method-{GET}-|-
2020-10-15 13:00:29-|-INFO-|-Route not found-|-Context-|-Request-{/public/css/bootstrap.min.css}-|-Request Method-{GET}-|-
2020-10-15 13:00:29-|-INFO-|-Route not found-|-Context-|-Request-{/public/js/bootstrap.min.js}-|-Request Method-{GET}-|-
2020-10-15 13:00:31-|-INFO-|-Route not found-|-Context-|-Request-{/public/css/bootstrap.min.css}-|-Request Method-{GET}-|-
2020-10-15 13:00:31-|-INFO-|-Route not found-|-Context-|-Request-{/public/js/bootstrap.min.js}-|-Request Method-{GET}-|-
2020-10-15 13:00:33-|-INFO-|-Route not found-|-Context-|-Request-{/public/css/bootstrap.min.css}-|-Request Method-{GET}-|-
2020-10-15 13:00:33-|-INFO-|-Route not found-|-Context-|-Request-{/public/js/bootstrap.min.js}-|-Request Method-{GET}-|-
2020-10-15 13:00:33-|-INFO-|-Route not found-|-Context-|-Request-{/public/js/bootstrap.min.js}-|-Request Method-{GET}-|-
2020-10-15 13:00:34-|-INFO-|-Route not found-|-Context-|-Request-{/public/css/bootstrap.min.css}-|-Request Method-{GET}-|-
2020-10-15 13:00:34-|-INFO-|-Route not found-|-Context-|-Request-{/public/js/bootstrap.min.js}-|-Request Method-{GET}-|-
2020-10-15 13:00:37-|-INFO-|-Route not found-|-Context-|-Request-{/public/css/bootstrap.min.css}-|-Request Method-{GET}-|-
2020-10-15 13:00:37-|-INFO-|-Route not found-|-Context-|-Request-{/public/js/bootstrap.min.js}-|-Request Method-{GET}-|-
2020-10-15 13:00:38-|-INFO-|-Route not found-|-Context-|-Request-{/public/js/bootstrap.min.js}-|-Request Method-{GET}-|-
2020-10-15 13:01:46-|-INFO-|-Route not found-|-Context-|-Request-{/public/css/bootstrap.min.css}-|-Request Method-{GET}-|-
2020-10-15 13:01:46-|-INFO-|-Route not found-|-Context-|-Request-{/public/js/bootstrap.min.js}-|-Request Method-{GET}-|-
2020-10-15 13:01:46-|-INFO-|-Route not found-|-Context-|-Request-{/public/js/bootstrap.min.js}-|-Request Method-{GET}-|-
2020-10-15 13:01:50-|-INFO-|-Route not found-|-Context-|-Request-{/public/css/bootstrap.min.css}-|-Request Method-{GET}-|-
2020-10-15 13:01:50-|-INFO-|-Route not found-|-Context-|-Request-{/public/js/bootstrap.min.js}-|-Request Method-{GET}-|-
2020-10-15 13:01:50-|-INFO-|-Route not found-|-Context-|-Request-{/public/js/bootstrap.min.js}-|-Request Method-{GET}-|-
2020-10-15 13:01:50-|-INFO-|-Route not found-|-Context-|-Request-{/images/favicon.ico}-|-Request Method-{GET}-|-
2020-10-15 13:02:13-|-INFO-|-Route not found-|-Context-|-Request-{/public/css/bootstrap.min.css}-|-Request Method-{GET}-|-
2020-10-15 13:02:13-|-INFO-|-Route not found-|-Context-|-Request-{/public/js/bootstrap.min.js}-|-Request Method-{GET}-|-
2020-10-15 13:02:13-|-INFO-|-Route not found-|-Context-|-Request-{/public/js/bootstrap.min.js}-|-Request Method-{GET}-|-
2020-10-15 13:02:14-|-INFO-|-Route not found-|-Context-|-Request-{/public/css/bootstrap.min.css}-|-Request Method-{GET}-|-
2020-10-15 13:02:14-|-INFO-|-Route not found-|-Context-|-Request-{/public/js/bootstrap.min.js}-|-Request Method-{GET}-|-
2020-10-15 13:02:14-|-INFO-|-Route not found-|-Context-|-Request-{/public/js/bootstrap.min.js}-|-Request Method-{GET}-|-
2020-10-15 13:02:15-|-INFO-|-Route not found-|-Context-|-Request-{/public/css/bootstrap.min.css}-|-Request Method-{GET}-|-
2020-10-15 13:02:15-|-INFO-|-Route not found-|-Context-|-Request-{/public/js/bootstrap.min.js}-|-Request Method-{GET}-|-
2020-10-15 13:02:16-|-INFO-|-Route not found-|-Context-|-Request-{/public/css/bootstrap.min.css}-|-Request Method-{GET}-|-
2020-10-15 13:02:16-|-INFO-|-Route not found-|-Context-|-Request-{/public/js/bootstrap.min.js}-|-Request Method-{GET}-|-
2020-10-15 13:02:16-|-INFO-|-Route not found-|-Context-|-Request-{/public/js/bootstrap.min.js}-|-Request Method-{GET}-|-
2020-10-15 13:02:17-|-INFO-|-Route not found-|-Context-|-Request-{/public/css/bootstrap.min.css}-|-Request Method-{GET}-|-
2020-10-15 13:02:17-|-INFO-|-Route not found-|-Context-|-Request-{/public/js/bootstrap.min.js}-|-Request Method-{GET}-|-
2020-10-15 13:02:17-|-INFO-|-Route not found-|-Context-|-Request-{/public/js/bootstrap.min.js}-|-Request Method-{GET}-|-
2020-10-15 13:02:18-|-INFO-|-Route not found-|-Context-|-Request-{/public/css/bootstrap.min.css}-|-Request Method-{GET}-|-
2020-10-15 13:02:18-|-INFO-|-Route not found-|-Context-|-Request-{/public/js/bootstrap.min.js}-|-Request Method-{GET}-|-
2020-10-15 13:02:18-|-INFO-|-Route not found-|-Context-|-Request-{/public/js/bootstrap.min.js}-|-Request Method-{GET}-|-
2020-10-15 13:02:18-|-INFO-|-Route not found-|-Context-|-Request-{/login}-|-Request Method-{GET}-|-
2020-10-15 13:02:18-|-INFO-|-Route not found-|-Context-|-Request-{/favicon.ico}-|-Request Method-{GET}-|-
2020-10-15 13:18:05-|-INFO-|-Route not found-|-Context-|-Request-{/public/css/bootstrap.min.css}-|-Request Method-{GET}-|-
2020-10-15 13:18:05-|-INFO-|-Route not found-|-Context-|-Request-{/public/js/bootstrap.min.js}-|-Request Method-{GET}-|-
2020-10-15 13:18:05-|-INFO-|-Route not found-|-Context-|-Request-{/public/js/bootstrap.min.js}-|-Request Method-{GET}-|-
2020-10-15 13:31:56-|-INFO-|-Route not found-|-Context-|-Request-{/public/css/bootstrap.min.css}-|-Request Method-{GET}-|-
2020-10-15 13:31:56-|-INFO-|-Route not found-|-Context-|-Request-{/public/js/bootstrap.min.js}-|-Request Method-{GET}-|-
2020-10-15 13:31:56-|-INFO-|-Route not found-|-Context-|-Request-{/public/js/bootstrap.min.js}-|-Request Method-{GET}-|-
2020-10-15 13:31:56-|-INFO-|-Route not found-|-Context-|-Request-{/public/css/bootstrap.min.css}-|-Request Method-{GET}-|-
2020-10-15 13:31:56-|-INFO-|-Route not found-|-Context-|-Request-{/public/js/bootstrap.min.js}-|-Request Method-{GET}-|-
2020-10-15 13:31:56-|-INFO-|-Route not found-|-Context-|-Request-{/public/js/bootstrap.min.js}-|-Request Method-{GET}-|-
2020-10-15 13:31:58-|-INFO-|-Route not found-|-Context-|-Request-{/login}-|-Request Method-{GET}-|-
2020-10-15 13:32:02-|-INFO-|-Route not found-|-Context-|-Request-{/public/css/bootstrap.min.css}-|-Request Method-{GET}-|-
2020-10-15 13:32:02-|-INFO-|-Route not found-|-Context-|-Request-{/public/js/bootstrap.min.js}-|-Request Method-{GET}-|-
2020-10-15 13:32:02-|-INFO-|-Route not found-|-Context-|-Request-{/public/js/bootstrap.min.js}-|-Request Method-{GET}-|-
2020-10-15 13:32:07-|-INFO-|-Route not found-|-Context-|-Request-{/public/css/bootstrap.min.css}-|-Request Method-{GET}-|-
2020-10-15 13:32:07-|-INFO-|-Route not found-|-Context-|-Request-{/public/js/bootstrap.min.js}-|-Request Method-{GET}-|-
2020-10-15 13:32:07-|-INFO-|-Route not found-|-Context-|-Request-{/public/js/bootstrap.min.js}-|-Request Method-{GET}-|-
2020-10-15 13:32:28-|-INFO-|-Route not found-|-Context-|-Request-{/public/css/bootstrap.min.css}-|-Request Method-{GET}-|-
2020-10-15 13:32:28-|-INFO-|-Route not found-|-Context-|-Request-{/public/js/bootstrap.min.js}-|-Request Method-{GET}-|-
2020-10-15 13:32:28-|-INFO-|-Route not found-|-Context-|-Request-{/public/js/bootstrap.min.js}-|-Request Method-{GET}-|-
2020-10-15 15:57:04-|-INFO-|-Route not found-|-Context-|-Request-{/public/css/bootstrap.min.css}-|-Request Method-{GET}-|-
2020-10-15 15:57:04-|-INFO-|-Route not found-|-Context-|-Request-{/public/js/bootstrap.min.js}-|-Request Method-{GET}-|-
2020-10-15 15:59:41-|-ALERT-|-Access Denied-|-Context-|-Access-{}-|-Ctrl-{App\Controllers\Home}-|-Method-{index}-|-ip-{127.0.0.1}-|-User agent-{Mozilla/5.0 (X11; Linux x86_64) AppleWebKit/537.36 (KHTML, like Gecko) Chrome/86.0.4240.75 Safari/537.36}-|-
2020-10-15 16:00:57-|-ALERT-|-Access Denied-|-Context-|-Access-{}-|-Ctrl-{App\Controllers\Home}-|-Method-{index}-|-ip-{127.0.0.1}-|-User agent-{Mozilla/5.0 (X11; Linux x86_64) AppleWebKit/537.36 (KHTML, like Gecko) Chrome/86.0.4240.75 Safari/537.36}-|-
2020-10-15 16:00:59-|-ALERT-|-Access Denied-|-Context-|-Access-{}-|-Ctrl-{App\Controllers\Home}-|-Method-{index}-|-ip-{127.0.0.1}-|-User agent-{Mozilla/5.0 (X11; Linux x86_64) AppleWebKit/537.36 (KHTML, like Gecko) Chrome/86.0.4240.75 Safari/537.36}-|-
2020-10-15 16:01:29-|-ALERT-|-Access Denied-|-Context-|-Access-{admin}-|-Ctrl-{App\Controllers\Home}-|-Method-{index}-|-ip-{127.0.0.1}-|-User agent-{Mozilla/5.0 (X11; Linux x86_64) AppleWebKit/537.36 (KHTML, like Gecko) Chrome/86.0.4240.75 Safari/537.36}-|-
2020-10-15 16:02:07-|-INFO-|-Route not found-|-Context-|-Request-{/login}-|-Request Method-{GET}-|-
2020-10-15 16:04:00-|-INFO-|-Route not found-|-Context-|-Request-{/public/css/bootstrap.min.css}-|-Request Method-{GET}-|-
2020-10-15 16:04:00-|-INFO-|-Route not found-|-Context-|-Request-{/public/js/bootstrap.min.js}-|-Request Method-{GET}-|-
2020-10-15 16:04:10-|-INFO-|-Route not found-|-Context-|-Request-{/public/css/bootstrap.min.css}-|-Request Method-{GET}-|-
2020-10-15 16:04:10-|-INFO-|-Route not found-|-Context-|-Request-{/public/js/bootstrap.min.js}-|-Request Method-{GET}-|-
2020-10-15 16:05:46-|-INFO-|-Route not found-|-Context-|-Request-{/public/css/bootstrap.min.css}-|-Request Method-{GET}-|-
2020-10-15 16:05:46-|-INFO-|-Route not found-|-Context-|-Request-{/public/js/bootstrap.min.js}-|-Request Method-{GET}-|-
2020-10-15 16:10:21-|-INFO-|-Route not found-|-Context-|-Request-{/public/css/bootstrap.min.css}-|-Request Method-{GET}-|-
2020-10-15 16:10:21-|-INFO-|-Route not found-|-Context-|-Request-{/public/css/loginForm.css}-|-Request Method-{GET}-|-
2020-10-15 16:10:21-|-INFO-|-Route not found-|-Context-|-Request-{/public/js/bootstrap.min.js}-|-Request Method-{GET}-|-
2020-10-15 16:10:21-|-INFO-|-Route not found-|-Context-|-Request-{/img_avatar2.png}-|-Request Method-{GET}-|-
2020-10-15 16:10:21-|-INFO-|-Route not found-|-Context-|-Request-{/public/css/loginForm.css}-|-Request Method-{GET}-|-
2020-10-15 16:10:23-|-INFO-|-Route not found-|-Context-|-Request-{/public/css/bootstrap.min.css}-|-Request Method-{GET}-|-
2020-10-15 16:10:23-|-INFO-|-Route not found-|-Context-|-Request-{/public/css/loginForm.css}-|-Request Method-{GET}-|-
2020-10-15 16:10:23-|-INFO-|-Route not found-|-Context-|-Request-{/public/js/bootstrap.min.js}-|-Request Method-{GET}-|-
2020-10-15 16:10:23-|-INFO-|-Route not found-|-Context-|-Request-{/img_avatar2.png}-|-Request Method-{GET}-|-
2020-10-15 16:10:23-|-INFO-|-Route not found-|-Context-|-Request-{/public/css/loginForm.css}-|-Request Method-{GET}-|-
2020-10-15 16:10:25-|-INFO-|-Route not found-|-Context-|-Request-{/public/css/bootstrap.min.css}-|-Request Method-{GET}-|-
2020-10-15 16:10:25-|-INFO-|-Route not found-|-Context-|-Request-{/public/css/loginForm.css}-|-Request Method-{GET}-|-
2020-10-15 16:10:25-|-INFO-|-Route not found-|-Context-|-Request-{/public/js/bootstrap.min.js}-|-Request Method-{GET}-|-
2020-10-15 16:10:25-|-INFO-|-Route not found-|-Context-|-Request-{/img_avatar2.png}-|-Request Method-{GET}-|-
2020-10-15 16:10:25-|-INFO-|-Route not found-|-Context-|-Request-{/favicon.ico}-|-Request Method-{GET}-|-
2020-10-15 16:11:00-|-INFO-|-Route not found-|-Context-|-Request-{/public/css/bootstrap.min.css}-|-Request Method-{GET}-|-
2020-10-15 16:11:00-|-INFO-|-Route not found-|-Context-|-Request-{/public/css/loginForm.css}-|-Request Method-{GET}-|-
2020-10-15 16:11:00-|-INFO-|-Route not found-|-Context-|-Request-{/public/js/bootstrap.min.js}-|-Request Method-{GET}-|-
2020-10-15 16:11:00-|-INFO-|-Route not found-|-Context-|-Request-{/img_avatar2.png}-|-Request Method-{GET}-|-
2020-10-15 16:11:57-|-INFO-|-Route not found-|-Context-|-Request-{/public/css/bootstrap.min.css}-|-Request Method-{GET}-|-
2020-10-15 16:11:57-|-INFO-|-Route not found-|-Context-|-Request-{/public/css/loginForm.css}-|-Request Method-{GET}-|-
2020-10-15 16:11:57-|-INFO-|-Route not found-|-Context-|-Request-{/public/js/bootstrap.min.js}-|-Request Method-{GET}-|-
2020-10-15 16:11:57-|-INFO-|-Route not found-|-Context-|-Request-{/img_avatar2.png}-|-Request Method-{GET}-|-
2020-10-15 16:11:58-|-INFO-|-Route not found-|-Context-|-Request-{/public/css/bootstrap.min.css}-|-Request Method-{GET}-|-
2020-10-15 16:11:58-|-INFO-|-Route not found-|-Context-|-Request-{/public/js/bootstrap.min.js}-|-Request Method-{GET}-|-
2020-10-15 16:11:58-|-INFO-|-Route not found-|-Context-|-Request-{/public/css/loginForm.css}-|-Request Method-{GET}-|-
2020-10-15 16:11:58-|-INFO-|-Route not found-|-Context-|-Request-{/img_avatar2.png}-|-Request Method-{GET}-|-
2020-10-15 16:12:00-|-INFO-|-Route not found-|-Context-|-Request-{/public/css/bootstrap.min.css}-|-Request Method-{GET}-|-
2020-10-15 16:12:00-|-INFO-|-Route not found-|-Context-|-Request-{/public/css/loginForm.css}-|-Request Method-{GET}-|-
2020-10-15 16:12:00-|-INFO-|-Route not found-|-Context-|-Request-{/public/js/bootstrap.min.js}-|-Request Method-{GET}-|-
2020-10-15 16:12:00-|-INFO-|-Route not found-|-Context-|-Request-{/img_avatar2.png}-|-Request Method-{GET}-|-
2020-10-15 16:12:00-|-INFO-|-Route not found-|-Context-|-Request-{/favicon.ico}-|-Request Method-{GET}-|-
2020-10-15 16:12:53-|-INFO-|-Route not found-|-Context-|-Request-{/public/css/loginForm.css}-|-Request Method-{GET}-|-
2020-10-15 16:12:53-|-INFO-|-Route not found-|-Context-|-Request-{/img_avatar2.png}-|-Request Method-{GET}-|-
2020-10-15 16:14:11-|-INFO-|-Route not found-|-Context-|-Request-{/public/css/loginForm.css}-|-Request Method-{GET}-|-
2020-10-15 16:16:03-|-INFO-|-Route not found-|-Context-|-Request-{/public/css/loginForm.css}-|-Request Method-{GET}-|-
2020-10-15 16:16:03-|-INFO-|-Route not found-|-Context-|-Request-{/img_avatar2.png}-|-Request Method-{GET}-|-
2020-10-15 16:16:03-|-INFO-|-Route not found-|-Context-|-Request-{/favicon.ico}-|-Request Method-{GET}-|-
2020-10-15 16:17:07-|-INFO-|-Route not found-|-Context-|-Request-{/public/css/loginForm.css}-|-Request Method-{GET}-|-
2020-10-15 16:17:07-|-INFO-|-Route not found-|-Context-|-Request-{/img_avatar2.png}-|-Request Method-{GET}-|-
2020-10-15 16:17:08-|-INFO-|-Route not found-|-Context-|-Request-{/favicon.ico}-|-Request Method-{GET}-|-
2020-10-15 16:17:26-|-INFO-|-Route not found-|-Context-|-Request-{/public/css/loginForm.css}-|-Request Method-{GET}-|-
2020-10-15 16:17:26-|-INFO-|-Route not found-|-Context-|-Request-{/img_avatar2.png}-|-Request Method-{GET}-|-
2020-10-15 16:19:04-|-INFO-|-Route not found-|-Context-|-Request-{/public/css/loginForm.css}-|-Request Method-{GET}-|-
2020-10-15 16:19:04-|-INFO-|-Route not found-|-Context-|-Request-{/img_avatar2.png}-|-Request Method-{GET}-|-
2020-10-15 16:19:04-|-INFO-|-Route not found-|-Context-|-Request-{/favicon.ico}-|-Request Method-{GET}-|-
2020-10-15 16:19:09-|-INFO-|-Route not found-|-Context-|-Request-{/public/css/loginForm.css}-|-Request Method-{GET}-|-
2020-10-15 16:19:09-|-INFO-|-Route not found-|-Context-|-Request-{/img_avatar2.png}-|-Request Method-{GET}-|-
2020-10-15 16:19:09-|-INFO-|-Route not found-|-Context-|-Request-{/favicon.ico}-|-Request Method-{GET}-|-
2020-10-15 16:22:07-|-INFO-|-Route not found-|-Context-|-Request-{/opt/lampp/htdocs/phantom-test.loc/public/index.php}-|-Request Method-{GET}-|-
2020-10-15 16:22:07-|-INFO-|-Route not found-|-Context-|-Request-{/favicon.ico}-|-Request Method-{GET}-|-
2020-10-15 16:22:13-|-INFO-|-Route not found-|-Context-|-Request-{/public/css/loginForm.css}-|-Request Method-{GET}-|-
2020-10-15 16:22:13-|-INFO-|-Route not found-|-Context-|-Request-{/img_avatar2.png}-|-Request Method-{GET}-|-
2020-10-15 16:22:20-|-INFO-|-Route not found-|-Context-|-Request-{/public/css/loginForm.css}-|-Request Method-{GET}-|-
2020-10-15 16:22:20-|-INFO-|-Route not found-|-Context-|-Request-{/img_avatar2.png}-|-Request Method-{GET}-|-
2020-10-15 16:22:21-|-INFO-|-Route not found-|-Context-|-Request-{/public/css/loginForm.css}-|-Request Method-{GET}-|-
2020-10-15 16:22:21-|-INFO-|-Route not found-|-Context-|-Request-{/img_avatar2.png}-|-Request Method-{GET}-|-
2020-10-15 16:22:22-|-INFO-|-Route not found-|-Context-|-Request-{/public/css/loginForm.css}-|-Request Method-{GET}-|-
2020-10-15 16:22:22-|-INFO-|-Route not found-|-Context-|-Request-{/img_avatar2.png}-|-Request Method-{GET}-|-
2020-10-15 16:22:23-|-INFO-|-Route not found-|-Context-|-Request-{/public/css/loginForm.css}-|-Request Method-{GET}-|-
2020-10-15 16:22:23-|-INFO-|-Route not found-|-Context-|-Request-{/img_avatar2.png}-|-Request Method-{GET}-|-
2020-10-15 16:22:23-|-INFO-|-Route not found-|-Context-|-Request-{/favicon.ico}-|-Request Method-{GET}-|-
2020-10-15 16:22:34-|-INFO-|-Route not found-|-Context-|-Request-{/public/css/loginForm.css}-|-Request Method-{GET}-|-
2020-10-15 16:22:34-|-INFO-|-Route not found-|-Context-|-Request-{/img_avatar2.png}-|-Request Method-{GET}-|-
2020-10-15 16:23:21-|-INFO-|-Route not found-|-Context-|-Request-{/img_avatar2.png}-|-Request Method-{GET}-|-
2020-10-15 16:25:36-|-INFO-|-Route not found-|-Context-|-Request-{/img_avatar2.png}-|-Request Method-{GET}-|-
2020-10-15 16:27:15-|-INFO-|-Route not found-|-Context-|-Request-{/public/css/style.css}-|-Request Method-{GET}-|-
2020-10-15 16:27:15-|-INFO-|-Route not found-|-Context-|-Request-{/img_avatar2.png}-|-Request Method-{GET}-|-
2020-10-15 16:27:32-|-INFO-|-Route not found-|-Context-|-Request-{/public/css/style.css}-|-Request Method-{GET}-|-
2020-10-15 16:27:32-|-INFO-|-Route not found-|-Context-|-Request-{/img_avatar2.png}-|-Request Method-{GET}-|-
2020-10-15 16:27:32-|-INFO-|-Route not found-|-Context-|-Request-{/favicon.ico}-|-Request Method-{GET}-|-
2020-10-15 16:27:52-|-INFO-|-Route not found-|-Context-|-Request-{/img_avatar2.png}-|-Request Method-{GET}-|-
2020-10-15 16:31:11-|-INFO-|-Route not found-|-Context-|-Request-{/img_avatar2.png}-|-Request Method-{GET}-|-
2020-10-15 16:31:20-|-INFO-|-Route not found-|-Context-|-Request-{/img_avatar2.png}-|-Request Method-{GET}-|-
2020-10-15 16:31:55-|-INFO-|-Route not found-|-Context-|-Request-{/img_avatar2.png}-|-Request Method-{GET}-|-
2020-10-15 16:32:15-|-INFO-|-Route not found-|-Context-|-Request-{/img_avatar2.png}-|-Request Method-{GET}-|-
2020-10-15 16:32:39-|-INFO-|-Route not found-|-Context-|-Request-{/img_avatar2.png}-|-Request Method-{GET}-|-
2020-10-15 16:57:48-|-INFO-|-Route not found-|-Context-|-Request-{/favicon.ico}-|-Request Method-{GET}-|-
2020-10-15 21:24:20-|-INFO-|-Route not found-|-Context-|-Request-{/logout}-|-Request Method-{GET}-|-
2020-10-15 21:48:34-|-INFO-|-Route not found-|-Context-|-Request-{/favicon.ico}-|-Request Method-{GET}-|-
2020-10-15 21:59:53-|-INFO-|-Route not found-|-Context-|-Request-{/favicon.ico}-|-Request Method-{GET}-|-
2020-10-15 22:01:46-|-INFO-|-Route not found-|-Context-|-Request-{/administration/img/icons/notification-bell.png}-|-Request Method-{GET}-|-
2020-10-15 22:02:16-|-INFO-|-Route not found-|-Context-|-Request-{/administration/img/icons/notification-bell.png}-|-Request Method-{GET}-|-
2020-10-15 22:02:19-|-INFO-|-Route not found-|-Context-|-Request-{/administration/img/icons/notification-bell.png}-|-Request Method-{GET}-|-
2020-10-15 22:03:50-|-INFO-|-Route not found-|-Context-|-Request-{/administration/img/icons/notification-bell.png}-|-Request Method-{GET}-|-
2020-10-15 22:12:48-|-INFO-|-Route not found-|-Context-|-Request-{/administration/img/icons/notification-bell.png}-|-Request Method-{GET}-|-
2020-10-15 22:13:26-|-INFO-|-Route not found-|-Context-|-Request-{/administration/img/icons/notification-bell.png}-|-Request Method-{GET}-|-
2020-10-15 22:14:01-|-INFO-|-Route not found-|-Context-|-Request-{/administration/img/icons/notification-bell.png}-|-Request Method-{GET}-|-
2020-10-15 22:17:11-|-INFO-|-Route not found-|-Context-|-Request-{/administration/img/icons/notification-bell.png}-|-Request Method-{GET}-|-
2020-10-15 22:22:55-|-INFO-|-Route not found-|-Context-|-Request-{/administration/img/icons/notification-bell.png}-|-Request Method-{GET}-|-
2020-10-15 22:24:25-|-INFO-|-Route not found-|-Context-|-Request-{/administration/img/icons/notification-bell.png}-|-Request Method-{GET}-|-
2020-10-15 22:24:58-|-INFO-|-Route not found-|-Context-|-Request-{/administration/img/icons/notification-bell.png}-|-Request Method-{GET}-|-
2020-10-15 22:26:49-|-INFO-|-Route not found-|-Context-|-Request-{/administration/img/icons/notification-bell.png}-|-Request Method-{GET}-|-
2020-10-15 22:47:35-|-INFO-|-Route not found-|-Context-|-Request-{/favicon.ico}-|-Request Method-{GET}-|-
2020-10-15 23:47:00-|-INFO-|-Route not found-|-Context-|-Request-{/administration/settings}-|-Request Method-{GET}-|-
2020-10-15 23:47:48-|-INFO-|-Route not found-|-Context-|-Request-{/administration/settings}-|-Request Method-{GET}-|-
2020-10-15 23:56:07-|-INFO-|-Route not found-|-Context-|-Request-{/administration/settings}-|-Request Method-{GET}-|-
2020-10-15 23:56:28-|-INFO-|-Route not found-|-Context-|-Request-{/administration/settings}-|-Request Method-{GET}-|-
2020-10-15 23:56:38-|-INFO-|-Route not found-|-Context-|-Request-{/administration/settings}-|-Request Method-{GET}-|-
2020-10-15 23:56:42-|-INFO-|-Route not found-|-Context-|-Request-{/administration/settings}-|-Request Method-{GET}-|-
2020-10-15 23:57:05-|-INFO-|-Route not found-|-Context-|-Request-{/administration/settings}-|-Request Method-{GET}-|-
2020-10-15 23:57:45-|-INFO-|-Route not found-|-Context-|-Request-{/administration/settings}-|-Request Method-{GET}-|-
2020-10-16 00:33:42-|-INFO-|-Route not found-|-Context-|-Request-{/favicon.ico}-|-Request Method-{GET}-|-
2020-10-16 00:42:21-|-INFO-|-Route not found-|-Context-|-Request-{/favicon.ico}-|-Request Method-{GET}-|-
2020-10-16 00:56:14-|-INFO-|-Route not found-|-Context-|-Request-{/favicon.ico}-|-Request Method-{GET}-|-
2020-10-16 01:07:22-|-INFO-|-Route not found-|-Context-|-Request-{/administration/settings}-|-Request Method-{GET}-|-
2020-10-16 01:08:27-|-INFO-|-Route not found-|-Context-|-Request-{/administration/settings}-|-Request Method-{GET}-|-
2020-10-16 16:04:18-|-INFO-|-Route not found-|-Context-|-Request-{/favicon.ico}-|-Request Method-{GET}-|-
2020-10-16 22:11:49-|-INFO-|-Route not found-|-Context-|-Request-{/administration/settings}-|-Request Method-{GET}-|-
2020-10-16 23:58:32-|-INFO-|-Route not found-|-Context-|-Request-{/favicon.ico}-|-Request Method-{GET}-|-
2020-10-16 23:58:57-|-INFO-|-Route not found-|-Context-|-Request-{/favicon.ico}-|-Request Method-{GET}-|-
2020-10-17 11:54:25-|-INFO-|-Route not found-|-Context-|-Request-{/favicon.ico}-|-Request Method-{GET}-|-
2020-10-17 12:11:26-|-INFO-|-Route not found-|-Context-|-Request-{/favicon.ico}-|-Request Method-{GET}-|-
2020-10-17 12:26:38-|-INFO-|-Route not found-|-Context-|-Request-{/img/icons/header/arrow-down-sign-to-navigate.svg}-|-Request Method-{GET}-|-
2020-10-17 12:26:42-|-INFO-|-Route not found-|-Context-|-Request-{/img/icons/header/arrow-down-sign-to-navigate.svg}-|-Request Method-{GET}-|-
2020-10-17 12:26:42-|-INFO-|-Route not found-|-Context-|-Request-{/favicon.ico}-|-Request Method-{GET}-|-
2020-10-17 12:28:56-|-INFO-|-Route not found-|-Context-|-Request-{/img/icons/header/arrow-down-sign-to-navigate.svg}-|-Request Method-{GET}-|-
2020-10-17 12:35:19-|-INFO-|-Route not found-|-Context-|-Request-{/img/icons/header/arrow-down-sign-to-navigate.svg}-|-Request Method-{GET}-|-
2020-10-17 12:37:15-|-INFO-|-Route not found-|-Context-|-Request-{/img/icons/header/arrow-down-sign-to-navigate.svg}-|-Request Method-{GET}-|-
2020-10-17 12:46:08-|-INFO-|-Route not found-|-Context-|-Request-{/favicon.ico}-|-Request Method-{GET}-|-
2020-10-17 12:47:29-|-INFO-|-Route not found-|-Context-|-Request-{/favicon.ico}-|-Request Method-{GET}-|-
2020-10-17 12:47:40-|-INFO-|-Route not found-|-Context-|-Request-{/favicon.ico}-|-Request Method-{GET}-|-
2020-10-17 12:49:46-|-INFO-|-Route not found-|-Context-|-Request-{/favicon.ico}-|-Request Method-{GET}-|-
2020-10-17 12:49:47-|-INFO-|-Route not found-|-Context-|-Request-{/img/icons/header/arrow-down-sign-to-navigate.svg}-|-Request Method-{GET}-|-
2020-10-17 12:51:27-|-INFO-|-Route not found-|-Context-|-Request-{/img/icons/header/arrow-down-sign-to-navigate.svg}-|-Request Method-{GET}-|-
2020-10-17 12:54:35-|-INFO-|-Route not found-|-Context-|-Request-{/favicon.ico}-|-Request Method-{GET}-|-
2020-10-17 12:54:37-|-INFO-|-Route not found-|-Context-|-Request-{/img/icons/header/arrow-down-sign-to-navigate.svg}-|-Request Method-{GET}-|-
2020-10-17 12:54:45-|-INFO-|-Route not found-|-Context-|-Request-{/img/icons/header/arrow-down-sign-to-navigate.svg}-|-Request Method-{GET}-|-
2020-10-17 12:58:08-|-INFO-|-Route not found-|-Context-|-Request-{/favicon.ico}-|-Request Method-{GET}-|-
2020-10-17 12:58:09-|-INFO-|-Route not found-|-Context-|-Request-{/img/icons/header/arrow-down-sign-to-navigate.svg}-|-Request Method-{GET}-|-
2020-10-17 12:58:18-|-INFO-|-Route not found-|-Context-|-Request-{/favicon.ico}-|-Request Method-{GET}-|-
2020-10-17 12:58:32-|-INFO-|-Route not found-|-Context-|-Request-{/favicon.ico}-|-Request Method-{GET}-|-
2020-10-17 13:02:15-|-INFO-|-Route not found-|-Context-|-Request-{/favicon.ico}-|-Request Method-{GET}-|-
2020-10-17 13:02:58-|-INFO-|-Route not found-|-Context-|-Request-{/favicon.ico}-|-Request Method-{GET}-|-
2020-10-17 13:03:18-|-INFO-|-Route not found-|-Context-|-Request-{/favicon.ico}-|-Request Method-{GET}-|-
2020-10-17 13:03:50-|-INFO-|-Route not found-|-Context-|-Request-{/favicon.ico}-|-Request Method-{GET}-|-
2020-10-17 13:03:51-|-INFO-|-Route not found-|-Context-|-Request-{/img/icons/header/arrow-down-sign-to-navigate.svg}-|-Request Method-{GET}-|-
2020-10-17 13:04:17-|-INFO-|-Route not found-|-Context-|-Request-{/favicon.ico}-|-Request Method-{GET}-|-
2020-10-17 13:04:18-|-INFO-|-Route not found-|-Context-|-Request-{/img/icons/header/arrow-down-sign-to-navigate.svg}-|-Request Method-{GET}-|-
2020-10-17 13:04:42-|-INFO-|-Route not found-|-Context-|-Request-{/favicon.ico}-|-Request Method-{GET}-|-
2020-10-17 13:04:44-|-INFO-|-Route not found-|-Context-|-Request-{/img/icons/header/arrow-down-sign-to-navigate.svg}-|-Request Method-{GET}-|-
2020-10-17 13:06:00-|-INFO-|-Route not found-|-Context-|-Request-{/favicon.ico}-|-Request Method-{GET}-|-
2020-10-17 13:06:01-|-INFO-|-Route not found-|-Context-|-Request-{/img/icons/header/arrow-down-sign-to-navigate.svg}-|-Request Method-{GET}-|-
2020-10-17 13:06:10-|-INFO-|-Route not found-|-Context-|-Request-{/img/icons/header/arrow-down-sign-to-navigate.svg}-|-Request Method-{GET}-|-
2020-10-17 13:06:22-|-INFO-|-Route not found-|-Context-|-Request-{/favicon.ico}-|-Request Method-{GET}-|-
2020-10-17 13:06:24-|-INFO-|-Route not found-|-Context-|-Request-{/img/icons/header/arrow-down-sign-to-navigate.svg}-|-Request Method-{GET}-|-
2020-10-17 13:07:30-|-INFO-|-Route not found-|-Context-|-Request-{/favicon.ico}-|-Request Method-{GET}-|-
2020-10-17 13:07:39-|-INFO-|-Route not found-|-Context-|-Request-{/favicon.ico}-|-Request Method-{GET}-|-
2020-10-17 13:07:46-|-INFO-|-Route not found-|-Context-|-Request-{/favicon.ico}-|-Request Method-{GET}-|-
2020-10-17 13:09:02-|-INFO-|-Route not found-|-Context-|-Request-{/favicon.ico}-|-Request Method-{GET}-|-
2020-10-17 13:09:03-|-INFO-|-Route not found-|-Context-|-Request-{/img/icons/header/arrow-down-sign-to-navigate.svg}-|-Request Method-{GET}-|-
2020-10-17 13:09:31-|-INFO-|-Route not found-|-Context-|-Request-{/img/icons/header/arrow-down-sign-to-navigate.svg}-|-Request Method-{GET}-|-
2020-10-17 13:10:05-|-INFO-|-Route not found-|-Context-|-Request-{/favicon.ico}-|-Request Method-{GET}-|-
2020-10-17 13:10:06-|-INFO-|-Route not found-|-Context-|-Request-{/img/icons/header/arrow-down-sign-to-navigate.svg}-|-Request Method-{GET}-|-
2020-10-17 13:10:10-|-INFO-|-Route not found-|-Context-|-Request-{/favicon.ico}-|-Request Method-{GET}-|-
2020-10-17 13:10:11-|-INFO-|-Route not found-|-Context-|-Request-{/img/icons/header/arrow-down-sign-to-navigate.svg}-|-Request Method-{GET}-|-
2020-10-17 13:11:08-|-INFO-|-Route not found-|-Context-|-Request-{/favicon.ico}-|-Request Method-{GET}-|-
2020-10-17 13:11:11-|-INFO-|-Route not found-|-Context-|-Request-{/img/icons/header/arrow-down-sign-to-navigate.svg}-|-Request Method-{GET}-|-
2020-10-17 13:11:37-|-INFO-|-Route not found-|-Context-|-Request-{/favicon.ico}-|-Request Method-{GET}-|-
2020-10-17 13:11:38-|-INFO-|-Route not found-|-Context-|-Request-{/img/icons/header/arrow-down-sign-to-navigate.svg}-|-Request Method-{GET}-|-
2020-10-17 13:12:06-|-INFO-|-Route not found-|-Context-|-Request-{/img/icons/header/arrow-down-sign-to-navigate.svg}-|-Request Method-{GET}-|-
2020-10-17 13:12:37-|-INFO-|-Route not found-|-Context-|-Request-{/favicon.ico}-|-Request Method-{GET}-|-
2020-10-17 13:13:04-|-INFO-|-Route not found-|-Context-|-Request-{/img/icons/header/arrow-down-sign-to-navigate.svg}-|-Request Method-{GET}-|-
2020-10-17 13:15:26-|-INFO-|-Route not found-|-Context-|-Request-{/favicon.ico}-|-Request Method-{GET}-|-
2020-10-17 13:17:24-|-INFO-|-Route not found-|-Context-|-Request-{/favicon.ico}-|-Request Method-{GET}-|-
2020-10-17 13:17:25-|-INFO-|-Route not found-|-Context-|-Request-{/img/icons/header/arrow-down-sign-to-navigate.svg}-|-Request Method-{GET}-|-
2020-10-17 13:18:00-|-INFO-|-Route not found-|-Context-|-Request-{/favicon.ico}-|-Request Method-{GET}-|-
2020-10-17 13:18:02-|-INFO-|-Route not found-|-Context-|-Request-{/img/icons/header/arrow-down-sign-to-navigate.svg}-|-Request Method-{GET}-|-
2020-10-17 13:18:59-|-INFO-|-Route not found-|-Context-|-Request-{/img/icons/header/arrow-down-sign-to-navigate.svg}-|-Request Method-{GET}-|-
2020-10-17 13:19:12-|-INFO-|-Route not found-|-Context-|-Request-{/img/icons/header/arrow-down-sign-to-navigate.svg}-|-Request Method-{GET}-|-
2020-10-17 13:20:37-|-INFO-|-Route not found-|-Context-|-Request-{/favicon.ico}-|-Request Method-{GET}-|-
2020-10-17 13:21:26-|-INFO-|-Route not found-|-Context-|-Request-{/favicon.ico}-|-Request Method-{GET}-|-
2020-10-17 13:21:36-|-INFO-|-Route not found-|-Context-|-Request-{/img/icons/header/arrow-down-sign-to-navigate.svg}-|-Request Method-{GET}-|-
2020-10-17 13:22:03-|-INFO-|-Route not found-|-Context-|-Request-{/favicon.ico}-|-Request Method-{GET}-|-
2020-10-17 13:22:07-|-INFO-|-Route not found-|-Context-|-Request-{/img/icons/header/arrow-down-sign-to-navigate.svg}-|-Request Method-{GET}-|-
2020-10-17 13:24:26-|-INFO-|-Route not found-|-Context-|-Request-{/favicon.ico}-|-Request Method-{GET}-|-
2020-10-17 13:24:53-|-INFO-|-Route not found-|-Context-|-Request-{/favicon.ico}-|-Request Method-{GET}-|-
2020-10-17 13:24:54-|-INFO-|-Route not found-|-Context-|-Request-{/img/icons/header/arrow-down-sign-to-navigate.svg}-|-Request Method-{GET}-|-
2020-10-17 13:26:43-|-INFO-|-Route not found-|-Context-|-Request-{/favicon.ico}-|-Request Method-{GET}-|-
2020-10-17 13:26:48-|-INFO-|-Route not found-|-Context-|-Request-{/img/icons/header/arrow-down-sign-to-navigate.svg}-|-Request Method-{GET}-|-
2020-10-17 13:28:05-|-INFO-|-Route not found-|-Context-|-Request-{/favicon.ico}-|-Request Method-{GET}-|-
2020-10-17 13:28:06-|-INFO-|-Route not found-|-Context-|-Request-{/img/icons/header/arrow-down-sign-to-navigate.svg}-|-Request Method-{GET}-|-
2020-10-17 13:29:24-|-INFO-|-Route not found-|-Context-|-Request-{/favicon.ico}-|-Request Method-{GET}-|-
2020-10-17 13:29:25-|-INFO-|-Route not found-|-Context-|-Request-{/img/icons/header/arrow-down-sign-to-navigate.svg}-|-Request Method-{GET}-|-
2020-10-17 13:30:07-|-INFO-|-Route not found-|-Context-|-Request-{/favicon.ico}-|-Request Method-{GET}-|-
2020-10-17 13:30:08-|-INFO-|-Route not found-|-Context-|-Request-{/img/icons/header/arrow-down-sign-to-navigate.svg}-|-Request Method-{GET}-|-
2020-10-17 13:32:18-|-INFO-|-Route not found-|-Context-|-Request-{/img/icons/header/arrow-down-sign-to-navigate.svg}-|-Request Method-{GET}-|-
2020-10-17 13:34:03-|-INFO-|-Route not found-|-Context-|-Request-{/img/icons/header/arrow-down-sign-to-navigate.svg}-|-Request Method-{GET}-|-
2020-10-17 13:38:43-|-INFO-|-Route not found-|-Context-|-Request-{/img/icons/header/arrow-down-sign-to-navigate.svg}-|-Request Method-{GET}-|-
2020-10-17 13:39:41-|-INFO-|-Route not found-|-Context-|-Request-{/img/icons/header/arrow-down-sign-to-navigate.svg}-|-Request Method-{GET}-|-
2020-10-17 13:40:17-|-INFO-|-Route not found-|-Context-|-Request-{/favicon.ico}-|-Request Method-{GET}-|-
2020-10-17 13:40:19-|-INFO-|-Route not found-|-Context-|-Request-{/img/icons/header/arrow-down-sign-to-navigate.svg}-|-Request Method-{GET}-|-
2020-10-17 13:40:29-|-INFO-|-Route not found-|-Context-|-Request-{/img/icons/header/arrow-down-sign-to-navigate.svg}-|-Request Method-{GET}-|-
2020-10-17 13:41:15-|-INFO-|-Route not found-|-Context-|-Request-{/favicon.ico}-|-Request Method-{GET}-|-
2020-10-17 13:48:49-|-INFO-|-Route not found-|-Context-|-Request-{/img/icons/header/arrow-down-sign-to-navigate.svg}-|-Request Method-{GET}-|-
2020-10-17 13:52:21-|-INFO-|-Route not found-|-Context-|-Request-{/favicon.ico}-|-Request Method-{GET}-|-
2020-10-17 13:52:22-|-INFO-|-Route not found-|-Context-|-Request-{/img/icons/header/arrow-down-sign-to-navigate.svg}-|-Request Method-{GET}-|-
2020-10-17 13:52:27-|-INFO-|-Route not found-|-Context-|-Request-{/create/user}-|-Request Method-{POST}-|-
2020-10-17 13:53:19-|-INFO-|-Route not found-|-Context-|-Request-{/img/icons/header/arrow-down-sign-to-navigate.svg}-|-Request Method-{GET}-|-
2020-10-17 13:56:22-|-INFO-|-Route not found-|-Context-|-Request-{/favicon.ico}-|-Request Method-{GET}-|-
2020-10-17 13:56:41-|-INFO-|-Route not found-|-Context-|-Request-{/favicon.ico}-|-Request Method-{GET}-|-
2020-10-17 13:58:08-|-INFO-|-Route not found-|-Context-|-Request-{/img/icons/header/arrow-down-sign-to-navigate.svg}-|-Request Method-{GET}-|-
2020-10-17 14:01:34-|-INFO-|-Route not found-|-Context-|-Request-{/favicon.ico}-|-Request Method-{GET}-|-
2020-10-17 14:01:35-|-INFO-|-Route not found-|-Context-|-Request-{/img/icons/header/arrow-down-sign-to-navigate.svg}-|-Request Method-{GET}-|-
2020-10-17 14:06:08-|-INFO-|-Route not found-|-Context-|-Request-{/favicon.ico}-|-Request Method-{GET}-|-
2020-10-17 14:06:53-|-INFO-|-Route not found-|-Context-|-Request-{/favicon.ico}-|-Request Method-{GET}-|-
2020-10-17 14:06:56-|-INFO-|-Route not found-|-Context-|-Request-{/create/groop}-|-Request Method-{POST}-|-
2020-10-17 14:07:36-|-INFO-|-Route not found-|-Context-|-Request-{/favicon.ico}-|-Request Method-{GET}-|-
2020-10-17 14:07:40-|-INFO-|-Route not found-|-Context-|-Request-{/img/icons/header/arrow-down-sign-to-navigate.svg}-|-Request Method-{GET}-|-
2020-10-17 14:09:14-|-INFO-|-Route not found-|-Context-|-Request-{/img/icons/header/arrow-down-sign-to-navigate.svg}-|-Request Method-{GET}-|-
2020-10-17 14:14:21-|-INFO-|-Route not found-|-Context-|-Request-{/img/icons/header/arrow-down-sign-to-navigate.svg}-|-Request Method-{GET}-|-
2020-10-17 14:15:00-|-INFO-|-Route not found-|-Context-|-Request-{/favicon.ico}-|-Request Method-{GET}-|-
2020-10-17 14:15:02-|-INFO-|-Route not found-|-Context-|-Request-{/img/icons/header/arrow-down-sign-to-navigate.svg}-|-Request Method-{GET}-|-
2020-10-17 14:38:48-|-INFO-|-Route not found-|-Context-|-Request-{/favicon.ico}-|-Request Method-{GET}-|-
2020-10-17 14:39:22-|-INFO-|-Route not found-|-Context-|-Request-{/favicon.ico}-|-Request Method-{GET}-|-
2020-10-17 14:41:50-|-INFO-|-Route not found-|-Context-|-Request-{/favicon.ico}-|-Request Method-{GET}-|-
2020-10-17 14:49:30-|-INFO-|-Route not found-|-Context-|-Request-{/favicon.ico}-|-Request Method-{GET}-|-
2020-10-17 14:59:19-|-INFO-|-Route not found-|-Context-|-Request-{/favicon.ico}-|-Request Method-{GET}-|-
2020-10-17 15:04:44-|-INFO-|-Route not found-|-Context-|-Request-{/administration/settings}-|-Request Method-{GET}-|-
2020-10-17 15:23:18-|-INFO-|-Route not found-|-Context-|-Request-{/favicon.ico}-|-Request Method-{GET}-|-
2020-10-17 15:32:54-|-INFO-|-Route not found-|-Context-|-Request-{/favicon.ico}-|-Request Method-{GET}-|-
2020-10-17 15:37:39-|-INFO-|-Route not found-|-Context-|-Request-{/favicon.ico}-|-Request Method-{GET}-|-
2020-10-17 16:11:56-|-INFO-|-Route not found-|-Context-|-Request-{/img/icons/header/arrow-down-sign-to-navigate.svg}-|-Request Method-{GET}-|-
2020-10-17 16:12:36-|-INFO-|-Route not found-|-Context-|-Request-{/img/icons/header/arrow-down-sign-to-navigate.svg}-|-Request Method-{GET}-|-
2020-10-17 16:14:33-|-INFO-|-Route not found-|-Context-|-Request-{/img/icons/header/arrow-down-sign-to-navigate.svg}-|-Request Method-{GET}-|-
2020-10-17 16:15:48-|-INFO-|-Route not found-|-Context-|-Request-{/img/icons/header/arrow-down-sign-to-navigate.svg}-|-Request Method-{GET}-|-
2020-10-17 16:23:53-|-INFO-|-Route not found-|-Context-|-Request-{/img/icons/header/arrow-down-sign-to-navigate.svg}-|-Request Method-{GET}-|-
2020-10-17 17:08:25-|-INFO-|-Route not found-|-Context-|-Request-{/favicon.ico}-|-Request Method-{GET}-|-
2020-10-17 17:11:24-|-INFO-|-Route not found-|-Context-|-Request-{/img/icons/header/arrow-down-sign-to-navigate.svg}-|-Request Method-{GET}-|-
2020-10-17 18:11:12-|-INFO-|-Route not found-|-Context-|-Request-{/favicon.ico}-|-Request Method-{GET}-|-
2020-10-17 18:34:54-|-INFO-|-Route not found-|-Context-|-Request-{/administration/settings}-|-Request Method-{GET}-|-
2020-10-17 18:44:48-|-INFO-|-Route not found-|-Context-|-Request-{/img/icons/header/arrow-down-sign-to-navigate.svg}-|-Request Method-{GET}-|-
2020-10-17 18:54:01-|-INFO-|-Route not found-|-Context-|-Request-{/favicon.ico}-|-Request Method-{GET}-|-
2020-10-17 18:57:45-|-INFO-|-Route not found-|-Context-|-Request-{/favicon.ico}-|-Request Method-{GET}-|-
2020-10-17 18:57:48-|-INFO-|-Route not found-|-Context-|-Request-{/img/icons/header/arrow-down-sign-to-navigate.svg}-|-Request Method-{GET}-|-
2020-10-17 19:06:14-|-INFO-|-Route not found-|-Context-|-Request-{/administration/settings}-|-Request Method-{GET}-|-
2020-10-17 20:00:19-|-INFO-|-Route not found-|-Context-|-Request-{/favicon.ico}-|-Request Method-{GET}-|-
2020-10-17 20:02:51-|-INFO-|-Route not found-|-Context-|-Request-{/favicon.ico}-|-Request Method-{GET}-|-
2020-10-17 20:04:05-|-INFO-|-Route not found-|-Context-|-Request-{/favicon.ico}-|-Request Method-{GET}-|-
2020-10-17 20:06:37-|-INFO-|-Route not found-|-Context-|-Request-{/favicon.ico}-|-Request Method-{GET}-|-
2020-10-17 20:07:13-|-INFO-|-Route not found-|-Context-|-Request-{/favicon.ico}-|-Request Method-{GET}-|-
2020-10-17 20:08:17-|-INFO-|-Route not found-|-Context-|-Request-{/favicon.ico}-|-Request Method-{GET}-|-
2020-10-17 20:09:11-|-INFO-|-Route not found-|-Context-|-Request-{/favicon.ico}-|-Request Method-{GET}-|-
2020-10-17 20:09:18-|-INFO-|-Route not found-|-Context-|-Request-{/favicon.ico}-|-Request Method-{GET}-|-
2020-10-17 20:09:22-|-INFO-|-Route not found-|-Context-|-Request-{/favicon.ico}-|-Request Method-{GET}-|-
2020-10-17 20:09:42-|-INFO-|-Route not found-|-Context-|-Request-{/favicon.ico}-|-Request Method-{GET}-|-
2020-10-17 20:10:25-|-INFO-|-Route not found-|-Context-|-Request-{/favicon.ico}-|-Request Method-{GET}-|-
2020-10-17 20:13:49-|-INFO-|-Route not found-|-Context-|-Request-{/favicon.ico}-|-Request Method-{GET}-|-
2020-10-17 20:14:16-|-INFO-|-Route not found-|-Context-|-Request-{/favicon.ico}-|-Request Method-{GET}-|-
2020-10-17 20:15:01-|-INFO-|-Route not found-|-Context-|-Request-{/favicon.ico}-|-Request Method-{GET}-|-
2020-10-17 20:16:50-|-INFO-|-Route not found-|-Context-|-Request-{/favicon.ico}-|-Request Method-{GET}-|-
2020-10-17 20:17:25-|-INFO-|-Route not found-|-Context-|-Request-{/favicon.ico}-|-Request Method-{GET}-|-
2020-10-17 20:53:15-|-INFO-|-Route not found-|-Context-|-Request-{/favicon.ico}-|-Request Method-{GET}-|-
2020-10-17 20:53:17-|-INFO-|-Route not found-|-Context-|-Request-{/img/icons/header/arrow-down-sign-to-navigate.svg}-|-Request Method-{GET}-|-
2020-10-17 20:57:04-|-INFO-|-Route not found-|-Context-|-Request-{/favicon.ico}-|-Request Method-{GET}-|-
2020-10-17 20:57:06-|-INFO-|-Route not found-|-Context-|-Request-{/img/icons/header/arrow-down-sign-to-navigate.svg}-|-Request Method-{GET}-|-
2020-10-17 20:57:42-|-INFO-|-Route not found-|-Context-|-Request-{/favicon.ico}-|-Request Method-{GET}-|-
2020-10-17 20:57:43-|-INFO-|-Route not found-|-Context-|-Request-{/img/icons/header/arrow-down-sign-to-navigate.svg}-|-Request Method-{GET}-|-
2020-10-17 20:59:40-|-INFO-|-Route not found-|-Context-|-Request-{/favicon.ico}-|-Request Method-{GET}-|-
2020-10-17 20:59:42-|-INFO-|-Route not found-|-Context-|-Request-{/img/icons/header/arrow-down-sign-to-navigate.svg}-|-Request Method-{GET}-|-
2020-10-17 21:02:21-|-INFO-|-Route not found-|-Context-|-Request-{/favicon.ico}-|-Request Method-{GET}-|-
2020-10-17 21:02:21-|-INFO-|-Route not found-|-Context-|-Request-{/img/icons/header/arrow-down-sign-to-navigate.svg}-|-Request Method-{GET}-|-
2020-10-17 21:05:41-|-INFO-|-Route not found-|-Context-|-Request-{/favicon.ico}-|-Request Method-{GET}-|-
2020-10-17 21:05:44-|-INFO-|-Route not found-|-Context-|-Request-{/img/icons/header/arrow-down-sign-to-navigate.svg}-|-Request Method-{GET}-|-
2020-10-17 21:06:25-|-INFO-|-Route not found-|-Context-|-Request-{/img/icons/header/arrow-down-sign-to-navigate.svg}-|-Request Method-{GET}-|-
2020-10-17 21:06:47-|-INFO-|-Route not found-|-Context-|-Request-{/img/icons/header/arrow-down-sign-to-navigate.svg}-|-Request Method-{GET}-|-
2020-10-17 21:07:21-|-INFO-|-Route not found-|-Context-|-Request-{/img/icons/header/arrow-down-sign-to-navigate.svg}-|-Request Method-{GET}-|-
2020-10-17 21:07:51-|-INFO-|-Route not found-|-Context-|-Request-{/img/icons/header/arrow-down-sign-to-navigate.svg}-|-Request Method-{GET}-|-
2020-10-17 21:09:52-|-INFO-|-Route not found-|-Context-|-Request-{/favicon.ico}-|-Request Method-{GET}-|-
2020-10-17 21:09:53-|-INFO-|-Route not found-|-Context-|-Request-{/img/icons/header/arrow-down-sign-to-navigate.svg}-|-Request Method-{GET}-|-
2020-10-17 21:10:16-|-INFO-|-Route not found-|-Context-|-Request-{/favicon.ico}-|-Request Method-{GET}-|-
2020-10-17 21:10:17-|-INFO-|-Route not found-|-Context-|-Request-{/img/icons/header/arrow-down-sign-to-navigate.svg}-|-Request Method-{GET}-|-
2020-10-17 21:11:42-|-INFO-|-Route not found-|-Context-|-Request-{/favicon.ico}-|-Request Method-{GET}-|-
2020-10-17 21:11:43-|-INFO-|-Route not found-|-Context-|-Request-{/img/icons/header/arrow-down-sign-to-navigate.svg}-|-Request Method-{GET}-|-
2020-10-17 21:14:24-|-INFO-|-Route not found-|-Context-|-Request-{/favicon.ico}-|-Request Method-{GET}-|-
2020-10-17 21:14:24-|-INFO-|-Route not found-|-Context-|-Request-{/img/icons/header/arrow-down-sign-to-navigate.svg}-|-Request Method-{GET}-|-
2020-10-17 21:16:26-|-INFO-|-Route not found-|-Context-|-Request-{/favicon.ico}-|-Request Method-{GET}-|-
2020-10-17 21:16:28-|-INFO-|-Route not found-|-Context-|-Request-{/img/icons/header/arrow-down-sign-to-navigate.svg}-|-Request Method-{GET}-|-
2020-10-17 21:17:09-|-INFO-|-Route not found-|-Context-|-Request-{/favicon.ico}-|-Request Method-{GET}-|-
2020-10-17 21:17:09-|-INFO-|-Route not found-|-Context-|-Request-{/img/icons/header/arrow-down-sign-to-navigate.svg}-|-Request Method-{GET}-|-
2020-10-17 21:18:09-|-INFO-|-Route not found-|-Context-|-Request-{/favicon.ico}-|-Request Method-{GET}-|-
2020-10-17 21:18:10-|-INFO-|-Route not found-|-Context-|-Request-{/img/icons/header/arrow-down-sign-to-navigate.svg}-|-Request Method-{GET}-|-
2020-10-17 21:21:05-|-INFO-|-Route not found-|-Context-|-Request-{/favicon.ico}-|-Request Method-{GET}-|-
2020-10-17 21:21:07-|-INFO-|-Route not found-|-Context-|-Request-{/img/icons/header/arrow-down-sign-to-navigate.svg}-|-Request Method-{GET}-|-
2020-10-17 21:21:58-|-INFO-|-Route not found-|-Context-|-Request-{/favicon.ico}-|-Request Method-{GET}-|-
2020-10-17 21:21:59-|-INFO-|-Route not found-|-Context-|-Request-{/img/icons/header/arrow-down-sign-to-navigate.svg}-|-Request Method-{GET}-|-
2020-10-17 21:23:12-|-INFO-|-Route not found-|-Context-|-Request-{/favicon.ico}-|-Request Method-{GET}-|-
2020-10-17 21:24:06-|-INFO-|-Route not found-|-Context-|-Request-{/favicon.ico}-|-Request Method-{GET}-|-
2020-10-17 21:24:09-|-INFO-|-Route not found-|-Context-|-Request-{/img/icons/header/arrow-down-sign-to-navigate.svg}-|-Request Method-{GET}-|-
2020-10-17 21:25:43-|-INFO-|-Route not found-|-Context-|-Request-{/favicon.ico}-|-Request Method-{GET}-|-
2020-10-17 21:25:44-|-INFO-|-Route not found-|-Context-|-Request-{/img/icons/header/arrow-down-sign-to-navigate.svg}-|-Request Method-{GET}-|-
2020-10-17 21:26:01-|-INFO-|-Route not found-|-Context-|-Request-{/favicon.ico}-|-Request Method-{GET}-|-
2020-10-17 21:26:03-|-INFO-|-Route not found-|-Context-|-Request-{/img/icons/header/arrow-down-sign-to-navigate.svg}-|-Request Method-{GET}-|-
2020-10-17 21:26:59-|-INFO-|-Route not found-|-Context-|-Request-{/favicon.ico}-|-Request Method-{GET}-|-
2020-10-17 21:27:00-|-INFO-|-Route not found-|-Context-|-Request-{/img/icons/header/arrow-down-sign-to-navigate.svg}-|-Request Method-{GET}-|-
2020-10-17 21:31:31-|-INFO-|-Route not found-|-Context-|-Request-{/favicon.ico}-|-Request Method-{GET}-|-
2020-10-17 21:31:33-|-INFO-|-Route not found-|-Context-|-Request-{/img/icons/header/arrow-down-sign-to-navigate.svg}-|-Request Method-{GET}-|-
2020-10-17 21:31:44-|-INFO-|-Route not found-|-Context-|-Request-{/favicon.ico}-|-Request Method-{GET}-|-
2020-10-17 21:31:45-|-INFO-|-Route not found-|-Context-|-Request-{/img/icons/header/arrow-down-sign-to-navigate.svg}-|-Request Method-{GET}-|-
2020-10-17 21:33:26-|-INFO-|-Route not found-|-Context-|-Request-{/favicon.ico}-|-Request Method-{GET}-|-
2020-10-17 21:33:28-|-INFO-|-Route not found-|-Context-|-Request-{/img/icons/header/arrow-down-sign-to-navigate.svg}-|-Request Method-{GET}-|-
2020-10-17 21:34:45-|-INFO-|-Route not found-|-Context-|-Request-{/img/icons/header/arrow-down-sign-to-navigate.svg}-|-Request Method-{GET}-|-
2020-10-17 21:37:19-|-INFO-|-Route not found-|-Context-|-Request-{/favicon.ico}-|-Request Method-{GET}-|-
2020-10-17 21:37:20-|-INFO-|-Route not found-|-Context-|-Request-{/img/icons/header/arrow-down-sign-to-navigate.svg}-|-Request Method-{GET}-|-
2020-10-17 21:38:14-|-INFO-|-Route not found-|-Context-|-Request-{/favicon.ico}-|-Request Method-{GET}-|-
2020-10-17 21:38:16-|-INFO-|-Route not found-|-Context-|-Request-{/img/icons/header/arrow-down-sign-to-navigate.svg}-|-Request Method-{GET}-|-
2020-10-17 21:59:09-|-INFO-|-Route not found-|-Context-|-Request-{/favicon.ico}-|-Request Method-{GET}-|-
2020-10-17 21:59:43-|-INFO-|-Route not found-|-Context-|-Request-{/favicon.ico}-|-Request Method-{GET}-|-
2020-10-17 22:00:36-|-INFO-|-Route not found-|-Context-|-Request-{/favicon.ico}-|-Request Method-{GET}-|-
2020-10-17 22:00:37-|-INFO-|-Route not found-|-Context-|-Request-{/img/icons/header/arrow-down-sign-to-navigate.svg}-|-Request Method-{GET}-|-
2020-10-17 22:01:16-|-INFO-|-Route not found-|-Context-|-Request-{/img/icons/header/arrow-down-sign-to-navigate.svg}-|-Request Method-{GET}-|-
2020-10-17 22:02:11-|-INFO-|-Route not found-|-Context-|-Request-{/favicon.ico}-|-Request Method-{GET}-|-
2020-10-17 22:02:33-|-INFO-|-Route not found-|-Context-|-Request-{/img/icons/header/arrow-down-sign-to-navigate.svg}-|-Request Method-{GET}-|-
2020-10-17 22:03:54-|-INFO-|-Route not found-|-Context-|-Request-{/img/icons/header/arrow-down-sign-to-navigate.svg}-|-Request Method-{GET}-|-
2020-10-17 22:04:21-|-INFO-|-Route not found-|-Context-|-Request-{/favicon.ico}-|-Request Method-{GET}-|-
2020-10-17 22:04:22-|-INFO-|-Route not found-|-Context-|-Request-{/img/icons/header/arrow-down-sign-to-navigate.svg}-|-Request Method-{GET}-|-
2020-10-17 22:04:36-|-INFO-|-Route not found-|-Context-|-Request-{/img/icons/header/arrow-down-sign-to-navigate.svg}-|-Request Method-{GET}-|-
2020-10-17 22:05:05-|-INFO-|-Route not found-|-Context-|-Request-{/img/icons/header/arrow-down-sign-to-navigate.svg}-|-Request Method-{GET}-|-
2020-10-17 22:05:50-|-INFO-|-Route not found-|-Context-|-Request-{/img/icons/header/arrow-down-sign-to-navigate.svg}-|-Request Method-{GET}-|-
2020-10-17 22:06:33-|-INFO-|-Route not found-|-Context-|-Request-{/img/icons/header/arrow-down-sign-to-navigate.svg}-|-Request Method-{GET}-|-
2020-10-17 22:08:20-|-INFO-|-Route not found-|-Context-|-Request-{/img/icons/header/arrow-down-sign-to-navigate.svg}-|-Request Method-{GET}-|-
2020-10-17 22:09:08-|-INFO-|-Route not found-|-Context-|-Request-{/img/icons/header/arrow-down-sign-to-navigate.svg}-|-Request Method-{GET}-|-
2020-10-17 22:10:19-|-INFO-|-Route not found-|-Context-|-Request-{/img/icons/header/arrow-down-sign-to-navigate.svg}-|-Request Method-{GET}-|-
2020-10-17 22:12:11-|-INFO-|-Route not found-|-Context-|-Request-{/img/icons/header/arrow-down-sign-to-navigate.svg}-|-Request Method-{GET}-|-
2020-10-17 22:12:27-|-INFO-|-Route not found-|-Context-|-Request-{/img/icons/header/arrow-down-sign-to-navigate.svg}-|-Request Method-{GET}-|-
2020-10-17 22:15:20-|-INFO-|-Route not found-|-Context-|-Request-{/img/icons/header/arrow-down-sign-to-navigate.svg}-|-Request Method-{GET}-|-
2020-10-17 22:17:54-|-INFO-|-Route not found-|-Context-|-Request-{/img/icons/header/arrow-down-sign-to-navigate.svg}-|-Request Method-{GET}-|-
2020-10-17 22:18:24-|-INFO-|-Route not found-|-Context-|-Request-{/img/icons/header/arrow-down-sign-to-navigate.svg}-|-Request Method-{GET}-|-
2020-10-17 22:18:37-|-INFO-|-Route not found-|-Context-|-Request-{/img/icons/header/arrow-down-sign-to-navigate.svg}-|-Request Method-{GET}-|-
2020-10-17 22:19:10-|-INFO-|-Route not found-|-Context-|-Request-{/img/icons/header/arrow-down-sign-to-navigate.svg}-|-Request Method-{GET}-|-
2020-10-17 22:19:22-|-INFO-|-Route not found-|-Context-|-Request-{/img/icons/header/arrow-down-sign-to-navigate.svg}-|-Request Method-{GET}-|-
2020-10-17 22:20:20-|-INFO-|-Route not found-|-Context-|-Request-{/img/icons/header/arrow-down-sign-to-navigate.svg}-|-Request Method-{GET}-|-
2020-10-17 22:20:38-|-INFO-|-Route not found-|-Context-|-Request-{/img/icons/header/arrow-down-sign-to-navigate.svg}-|-Request Method-{GET}-|-
2020-10-17 22:23:57-|-INFO-|-Route not found-|-Context-|-Request-{/favicon.ico}-|-Request Method-{GET}-|-
2020-10-17 22:24:34-|-INFO-|-Route not found-|-Context-|-Request-{/favicon.ico}-|-Request Method-{GET}-|-
2020-10-17 22:27:46-|-ALERT-|-Access Denied-|-Context-|-Access-{admin}-|-Ctrl-{App\Controllers\Home}-|-Method-{index}-|-ip-{127.0.0.1}-|-User agent-{Mozilla/5.0 (X11; Linux x86_64) AppleWebKit/537.36 (KHTML, like Gecko) Chrome/86.0.4240.75 Safari/537.36}-|-
2020-10-17 22:28:01-|-ALERT-|-Access Denied-|-Context-|-Access-{admin}-|-Ctrl-{App\Controllers\Administration}-|-Method-{users}-|-ip-{127.0.0.1}-|-User agent-{Mozilla/5.0 (X11; Linux x86_64) AppleWebKit/537.36 (KHTML, like Gecko) Chrome/86.0.4240.75 Safari/537.36}-|-
2020-10-17 22:28:16-|-ALERT-|-Access Denied-|-Context-|-Access-{admin}-|-Ctrl-{App\Controllers\Home}-|-Method-{index}-|-ip-{127.0.0.1}-|-User agent-{Mozilla/5.0 (X11; Linux x86_64) AppleWebKit/537.36 (KHTML, like Gecko) Chrome/86.0.4240.75 Safari/537.36}-|-
2020-10-17 22:30:17-|-INFO-|-Route not found-|-Context-|-Request-{/favicon.ico}-|-Request Method-{GET}-|-
2020-10-17 22:30:32-|-ALERT-|-Access Denied-|-Context-|-Access-{admin}-|-Ctrl-{App\Controllers\Administration}-|-Method-{users}-|-ip-{127.0.0.1}-|-User agent-{Mozilla/5.0 (X11; Linux x86_64) AppleWebKit/537.36 (KHTML, like Gecko) Chrome/86.0.4240.75 Safari/537.36}-|-
2020-10-17 22:33:07-|-ALERT-|-Access Denied-|-Context-|-Access-{admin}-|-Ctrl-{App\Controllers\Administration}-|-Method-{users}-|-ip-{127.0.0.1}-|-User agent-{Mozilla/5.0 (X11; Linux x86_64) AppleWebKit/537.36 (KHTML, like Gecko) Chrome/86.0.4240.75 Safari/537.36}-|-
2020-10-17 22:33:21-|-INFO-|-Route not found-|-Context-|-Request-{/l}-|-Request Method-{GET}-|-
2020-10-17 22:33:24-|-ALERT-|-Access Denied-|-Context-|-Access-{admin}-|-Ctrl-{App\Controllers\Home}-|-Method-{index}-|-ip-{127.0.0.1}-|-User agent-{Mozilla/5.0 (X11; Linux x86_64) AppleWebKit/537.36 (KHTML, like Gecko) Chrome/86.0.4240.75 Safari/537.36}-|-
2020-10-17 22:54:06-|-INFO-|-Route not found-|-Context-|-Request-{/favicon.ico}-|-Request Method-{GET}-|-
2020-10-17 23:01:26-|-INFO-|-Route not found-|-Context-|-Request-{/favicon.ico}-|-Request Method-{GET}-|-
2020-10-17 23:03:03-|-INFO-|-Route not found-|-Context-|-Request-{/favicon.ico}-|-Request Method-{GET}-|-
2020-10-17 23:07:37-|-ALERT-|-Access Denied-|-Context-|-Access-{admin}-|-Ctrl-{App\Controllers\Home}-|-Method-{index}-|-ip-{127.0.0.1}-|-User agent-{Mozilla/5.0 (X11; Linux x86_64) AppleWebKit/537.36 (KHTML, like Gecko) Chrome/86.0.4240.75 Safari/537.36}-|-
2020-10-17 23:10:36-|-ALERT-|-Access Denied-|-Context-|-Access-{admin}-|-Ctrl-{App\Controllers\Home}-|-Method-{index}-|-ip-{127.0.0.1}-|-User agent-{Mozilla/5.0 (X11; Linux x86_64) AppleWebKit/537.36 (KHTML, like Gecko) Chrome/86.0.4240.75 Safari/537.36}-|-
2020-10-17 23:10:38-|-ALERT-|-Access Denied-|-Context-|-Access-{admin}-|-Ctrl-{App\Controllers\Home}-|-Method-{index}-|-ip-{127.0.0.1}-|-User agent-{Mozilla/5.0 (X11; Linux x86_64) AppleWebKit/537.36 (KHTML, like Gecko) Chrome/86.0.4240.75 Safari/537.36}-|-
2020-10-17 23:13:03-|-INFO-|-Route not found-|-Context-|-Request-{/favicon.ico}-|-Request Method-{GET}-|-
2020-10-17 23:13:18-|-INFO-|-Route not found-|-Context-|-Request-{/favicon.ico}-|-Request Method-{GET}-|-
2020-10-17 23:17:30-|-INFO-|-Route not found-|-Context-|-Request-{/favicon.ico}-|-Request Method-{GET}-|-
2020-10-17 23:23:52-|-ALERT-|-Access Denied-|-Context-|-Access-{admin}-|-Ctrl-{App\Controllers\Home}-|-Method-{index}-|-ip-{127.0.0.1}-|-User agent-{Mozilla/5.0 (X11; Linux x86_64) AppleWebKit/537.36 (KHTML, like Gecko) Chrome/86.0.4240.75 Safari/537.36}-|-
2020-10-17 23:32:16-|-ALERT-|-Access Denied-|-Context-|-Access-{admin}-|-Ctrl-{App\Controllers\Home}-|-Method-{index}-|-ip-{127.0.0.1}-|-User agent-{Mozilla/5.0 (X11; Linux x86_64) AppleWebKit/537.36 (KHTML, like Gecko) Chrome/86.0.4240.75 Safari/537.36}-|-
